BX140414-080	JN705075.1	0.0	100.000
BX140414-083	JN705075.1	0.0	99.834
BX140414-084	KF998644.1	0.0	91.946
BX140414-086	JN705075.1	0.0	100.000
BX140414-087	JN705075.1	0.0	99.834
BX140414-093	JN705075.1	0.0	100.000
BX140604-016	KF318604.1	0.0	91.812
BX141007-026	MK767294.1	0.0	94.595
BX141007-079	JX913749.1	0.0	100.000
BX141021-015	KF998644.1	0.0	93.691
BX141022-014	MG683359.1	0.0	97.567
BX141022-019	MG683359.1	0.0	97.567
BX141022-032	MG683359.1	0.0	97.055
BX141022-065	KP402791.1	0.0	81.297
BX141022-067	KP402791.1	0.0	81.435
BX141022-068	KP402791.1	0.0	81.366
BX141022-069	KP402791.1	0.0	81.297
BX141028-071	MG687825.1	0.0	96.933
BX150310-122	MK277016.1	0.0	90.395
BX150310-124	MK277016.1	0.0	90.463
BX150310-125	MK277016.1	0.0	90.463
BX150310-126	MK277016.1	0.0	90.463
BX150310-137	KP296150.1	0.0	91.263
BX150310-141	KP296150.1	0.0	91.263
BX150310-242	MN857172.1	0.0	94.564
BX150629-045	AY788424.1	0.0	99.590
BX150807-004	JX515609.1	0.0	94.430
BX150807-007	JX515609.1	0.0	94.430
BX150812-078	KY428270.1	0.0	99.930
BX180425-041	AY788424.1	0.0	99.727
BX180425-045	KY436396.1	0.0	94.094
BX180425-046	KY436396.1	0.0	94.161
BX180425-050	KY436396.1	0.0	94.161
BX180425-051	KY436396.1	0.0	94.161
BX180425-052	KY436396.1	0.0	94.094
BX180425-069	KC192976.1	0.0	88.591
BX180425-077	KR262672.1	0.0	90.285
BX180501-040	AY788424.1	0.0	99.453
BX180501-048	AY788424.1	0.0	99.590
BX180501-079	AY788424.1	0.0	99.658
BX180501-080	AY788424.1	0.0	99.658
BX180502-012	AJ242872.1	6.02e-70	94.220
BX180502-047	AY788424.1	0.0	99.453
BX180502-052	AY788424.1	0.0	99.658
BX180502-065	AY788424.1	0.0	99.590
BX180508-016	AY788424.1	0.0	99.658
BX180508-041	AJ242872.1	7.3	100.000
BX180508-042	AJ242872.1	7.3	100.000
BX180508-043	AJ242872.1	7.3	100.000
BX180508-060	AY788424.1	0.0	99.590
BX180509-019	KR262672.1	0.0	94.633
BX180509-023	KY436396.1	0.0	94.027
BX180509-026	AY788424.1	0.0	99.658
BX180509-027	AY788424.1	0.0	99.658
BX180509-028	AY788421.1	0.0	98.906
BX180509-029	AY788421.1	0.0	98.906
BX180509-030	HQ677168.1	0.0	99.586
BX180509-033	HQ677168.1	0.0	99.655
BX180509-034	HQ677168.1	0.0	99.655
BX180509-035	HQ677168.1	0.0	99.655
BX180509-048	MK293875.1	0.0	85.801
BX180509-049	MK293875.1	0.0	85.868
BX180509-050	MK293875.1	0.0	85.734
BX180509-070	MG687825.1	0.0	97.069
BX180516-082	AY788424.1	0.0	99.590
BX180516-083	AY788424.1	0.0	99.590
BX180516-084	AY788424.1	0.0	99.453
BX180516-085	HQ677059.1	0.0	99.931
BX180516-093	AY788424.1	0.0	99.453
BX180522-011	MH900079.1	0.0	88.322
BX180522-012	MH900079.1	0.0	88.322
BX180522-033	AY788424.1	0.0	99.658
BX180522-036	KY436396.1	0.0	93.960
BX180522-051	AY788424.1	0.0	99.522
BX180522-071	KY436396.1	0.0	94.228
BX180522-078	KY428294.1	0.0	91.555
BX180522-079	KY428294.1	0.0	91.555
BX180522-080	KY428294.1	0.0	91.555
BX180522-084	AY788424.1	0.0	99.658
BX180522-093	AY788424.1	0.0	99.658
BX180523-024	KY428269.1	0.0	99.859
BX180523-026	AY788424.1	0.0	99.658
BX180523-033	KY428270.1	0.0	100.000
BX180523-034	KY428281.1	0.0	99.720
BX180523-053	KY436396.1	0.0	94.228
BX180523-080	JX913754.1	0.0	99.933
BX180523-085	AY788424.1	0.0	99.658
BX180529-035	AY788424.1	0.0	99.590
BX180529-036	AY788424.1	0.0	99.590
BX180529-037	AY788424.1	0.0	99.590
BX180529-038	AY788424.1	0.0	99.658
BX180529-039	AY788424.1	0.0	99.658
BX180529-087	AY788424.1	0.0	99.658
BX180529-088	AY788424.1	0.0	99.658
BX180601-032	KY428270.1	0.0	99.930
BX180601-040	AY788424.1	0.0	99.658
BX180601-041	AY788424.1	0.0	99.658
BX180601-085	KY428265.1	0.0	99.860
BX180601-094	KY428265.1	0.0	99.860
BX180605-037	AY788424.1	0.0	99.658
BX180605-038	AY788424.1	0.0	99.658
BX180605-039	AY788424.1	0.0	99.658
BX180605-078	AY788424.1	0.0	99.658
BX180605-079	AY788424.1	0.0	99.658
BX180605-080	AY788424.1	0.0	99.590
BX180606-019	AY788424.1	0.0	99.658
BX180606-021	AY788424.1	0.0	99.590
BX180606-022	HQ677059.1	0.0	100.000
BX180606-084	KP296150.1	0.0	91.532
BX180606-085	KP296150.1	0.0	91.532
BX180611-028	MG687825.1	0.0	97.205
BX180611-061	MG683503.1	6.8	95.455
BX180611-068	AY788424.1	0.0	99.522
BX180611-070	AY788424.1	0.0	99.590
BX180611-071	AY788424.1	0.0	99.658
BX180611-075	AY788424.1	0.0	99.522
BX180611-076	AY788424.1	0.0	99.658
BX180611-077	AY788424.1	0.0	99.658
BX180611-078	AY788424.1	0.0	99.590
BX180611-079	AY788424.1	0.0	99.590
BX180611-086	AY788424.1	0.0	99.590
BX180611-087	AY788424.1	0.0	99.590
BX180611-090	AY788424.1	0.0	99.522
BX180611-092	AY788424.1	0.0	99.522
BX180611-093	AY788424.1	0.0	99.522
BX180614-003	KY428265.1	0.0	99.720
BX180614-010	AY788424.1	0.0	99.590
BX180614-011	EF670588.1	0.0	98.906
BX180614-012	EF670588.1	0.0	98.906
BX180614-013	EF670588.1	0.0	98.906
BX180614-041	AY788421.1	0.0	99.042
BX180614-042	AY788421.1	0.0	99.042
BX180618-012	MG566056.1	0.0	90.268
BX180618-013	MG566056.1	0.0	90.268
BX180618-014	MG566056.1	0.0	90.268
BX180618-015	HQ677059.1	0.0	100.000
BX180618-046	JX515609.1	0.0	94.027
BX180618-048	JX515609.1	0.0	94.027
BX180619-005	AY788424.1	0.0	99.658
BX180619-006	AY788424.1	0.0	99.658
BX180619-007	AY788424.1	0.0	99.658
RX160106-009	KY436396.1	0.0	94.161
RX160106-010	KY436396.1	0.0	94.161
RX160128-001	KY436396.1	0.0	94.161
